{
  "RSpec": {
    "coverage": {
      "/Users/quincogdell/ga_wdi/heroku/cuke_bank_app/config/environment.rb": [
        null,
        1,
        null,
        null,
        1
      ],
      "/Users/quincogdell/ga_wdi/heroku/cuke_bank_app/config/application.rb": [
        1,
        null,
        null,
        1,
        1,
        1,
        1,
        1,
        null,
        null,
        1,
        null,
        1,
        null,
        null,
        null,
        null,
        1,
        1,
        null,
        null,
        null,
        null,
        null,
        null,
        null,
        null,
        null,
        null,
        null,
        null,
        null,
        null,
        null,
        null,
        null,
        null,
        null,
        null,
        null,
        null,
        null,
        1,
        null,
        null,
        1,
        null,
        null,
        1,
        null,
        null,
        null,
        null,
        null,
        null,
        null,
        null,
        null,
        null,
        1,
        null,
        null,
        1,
        null,
        null,
        1,
        null,
        null
      ],
      "/Users/quincogdell/ga_wdi/heroku/cuke_bank_app/config/boot.rb": [
        1,
        null,
        null,
        1,
        null,
        1
      ],
      "/Users/quincogdell/ga_wdi/heroku/cuke_bank_app/config/environments/test.rb": [
        1,
        null,
        null,
        null,
        null,
        null,
        null,
        1,
        null,
        null,
        1,
        1,
        null,
        null,
        1,
        null,
        null,
        1,
        1,
        null,
        null,
        1,
        null,
        null,
        1,
        null,
        null,
        null,
        null,
        1,
        null,
        null,
        1,
        null,
        null,
        1,
        null
      ],
      "/Users/quincogdell/ga_wdi/heroku/cuke_bank_app/config/initializers/backtrace_silencers.rb": [
        null,
        null,
        null,
        null,
        null,
        null,
        null
      ],
      "/Users/quincogdell/ga_wdi/heroku/cuke_bank_app/config/initializers/inflections.rb": [
        null,
        null,
        null,
        null,
        null,
        null,
        null,
        null,
        null,
        null,
        null,
        null,
        null,
        null,
        null
      ],
      "/Users/quincogdell/ga_wdi/heroku/cuke_bank_app/config/initializers/mime_types.rb": [
        null,
        null,
        null,
        null,
        null
      ],
      "/Users/quincogdell/ga_wdi/heroku/cuke_bank_app/config/initializers/secret_token.rb": [
        null,
        null,
        null,
        null,
        null,
        null,
        1
      ],
      "/Users/quincogdell/ga_wdi/heroku/cuke_bank_app/config/initializers/session_store.rb": [
        null,
        null,
        1,
        null,
        null,
        null,
        null,
        null
      ],
      "/Users/quincogdell/ga_wdi/heroku/cuke_bank_app/config/initializers/wrap_parameters.rb": [
        null,
        null,
        null,
        null,
        null,
        null,
        1,
        1,
        null,
        null,
        null,
        1,
        1,
        null
      ],
      "/Users/quincogdell/ga_wdi/heroku/cuke_bank_app/app/controllers/application_controller.rb": [
        1,
        1,
        null
      ],
      "/Users/quincogdell/ga_wdi/heroku/cuke_bank_app/app/helpers/application_helper.rb": [
        1,
        null
      ],
      "/Users/quincogdell/ga_wdi/heroku/cuke_bank_app/app/helpers/users_helper.rb": [
        1,
        null
      ],
      "/Users/quincogdell/ga_wdi/heroku/cuke_bank_app/app/helpers/welcome_helper.rb": [
        1,
        null
      ],
      "/Users/quincogdell/ga_wdi/heroku/cuke_bank_app/app/controllers/users_controller.rb": [
        1,
        null,
        null,
        1,
        2,
        null,
        2,
        2,
        2,
        null,
        null,
        null,
        null,
        null,
        1,
        1,
        null,
        1,
        1,
        1,
        null,
        null,
        null,
        null,
        null,
        1,
        1,
        null,
        1,
        1,
        1,
        null,
        null,
        null,
        null,
        1,
        1,
        null,
        null,
        null,
        null,
        1,
        5,
        null,
        5,
        5,
        6,
        3,
        null,
        4,
        2,
        null,
        null,
        null,
        null,
        null,
        null,
        1,
        5,
        null,
        5,
        5,
        4,
        2,
        null,
        6,
        3,
        null,
        null,
        null,
        null,
        null,
        null,
        1,
        2,
        2,
        null,
        2,
        4,
        2,
        null,
        null,
        null
      ],
      "/Users/quincogdell/ga_wdi/heroku/cuke_bank_app/app/models/user.rb": [
        1,
        1,
        null
      ],
      "/Users/quincogdell/ga_wdi/heroku/cuke_bank_app/app/controllers/welcome_controller.rb": [
        1,
        1,
        null,
        null
      ],
      "/Users/quincogdell/ga_wdi/heroku/cuke_bank_app/config/routes.rb": [
        1,
        1,
        null,
        null,
        1,
        null,
        null
      ],
      "/Users/quincogdell/ga_wdi/heroku/cuke_bank_app/spec/controllers/welcome_controller_spec.rb": [
        1,
        null,
        1,
        null,
        1,
        1,
        1,
        1,
        null,
        null,
        null,
        null
      ],
      "/Users/quincogdell/ga_wdi/heroku/cuke_bank_app/spec/helpers/users_helper_spec.rb": [
        1,
        null,
        null,
        null,
        null,
        null,
        null,
        null,
        null,
        null,
        null,
        null,
        1,
        1,
        null
      ],
      "/Users/quincogdell/ga_wdi/heroku/cuke_bank_app/spec/helpers/welcome_helper_spec.rb": [
        1,
        null,
        null,
        null,
        null,
        null,
        null,
        null,
        null,
        null,
        null,
        null,
        1,
        1,
        null
      ],
      "/Users/quincogdell/ga_wdi/heroku/cuke_bank_app/spec/models/user_spec.rb": [
        1,
        null,
        1,
        1,
        null
      ],
      "/Users/quincogdell/ga_wdi/heroku/cuke_bank_app/spec/requests/users_spec.rb": [
        1,
        null,
        1,
        1,
        1,
        null,
        1,
        1,
        null,
        null,
        null
      ],
      "/Users/quincogdell/ga_wdi/heroku/cuke_bank_app/spec/routing/users_routing_spec.rb": [
        1,
        null,
        1,
        1,
        null,
        1,
        1,
        null,
        null,
        1,
        1,
        null,
        null,
        1,
        1,
        null,
        null,
        1,
        1,
        null,
        null,
        1,
        1,
        null,
        null,
        1,
        1,
        null,
        null,
        1,
        1,
        null,
        null,
        null,
        null
      ],
      "/Users/quincogdell/ga_wdi/heroku/cuke_bank_app/spec/views/users/edit.html.erb_spec.rb": [
        1,
        null,
        1,
        1,
        1,
        null,
        null,
        null,
        null,
        1,
        1,
        null,
        null,
        1,
        1,
        null,
        null,
        null
      ],
      "/Users/quincogdell/ga_wdi/heroku/cuke_bank_app/spec/views/users/index.html.erb_spec.rb": [
        1,
        null,
        1,
        1,
        1,
        null,
        null,
        null,
        null,
        null,
        null,
        null,
        null,
        null,
        1,
        1,
        null,
        1,
        null,
        null
      ],
      "/Users/quincogdell/ga_wdi/heroku/cuke_bank_app/spec/views/users/new.html.erb_spec.rb": [
        1,
        null,
        1,
        1,
        1,
        null,
        null,
        null,
        null,
        1,
        1,
        null,
        null,
        1,
        1,
        null,
        null,
        null
      ],
      "/Users/quincogdell/ga_wdi/heroku/cuke_bank_app/spec/views/users/show.html.erb_spec.rb": [
        1,
        null,
        1,
        1,
        1,
        null,
        null,
        null,
        null,
        1,
        1,
        null,
        1,
        null,
        null
      ],
      "/Users/quincogdell/ga_wdi/heroku/cuke_bank_app/spec/views/welcome/index.html.erb_spec.rb": [
        1,
        null,
        1,
        1,
        null
      ]
    },
    "timestamp": 1387210264
  }
}
